Started GET "/login" for ::1 at 2019-11-13 23:31:13 +0900
  [1m[35m (0.5ms)[0m  [1m[34mSELECT "schema_migrations"."version" FROM "schema_migrations" ORDER BY "schema_migrations"."version" ASC[0m
  ↳ /Users/matsuoyuutaira/.rbenv/versions/2.5.1/lib/ruby/gems/2.5.0/gems/activerecord-5.2.3/lib/active_record/log_subscriber.rb:98
Processing by SessionsController#new as HTML
  Rendering sessions/new.html.slim within layouts/application
  Rendered sessions/new.html.slim within layouts/application (21.2ms)
Completed 200 OK in 1758ms (Views: 1747.1ms | ActiveRecord: 0.0ms)


Started GET "/" for ::1 at 2019-12-17 22:25:29 +0900
  [1m[35m (3.4ms)[0m  [1m[34mSELECT "schema_migrations"."version" FROM "schema_migrations" ORDER BY "schema_migrations"."version" ASC[0m
  ↳ /Users/matsuoyuutaira/.rbenv/versions/2.5.1/lib/ruby/gems/2.5.0/gems/activerecord-5.2.3/lib/active_record/log_subscriber.rb:98
Processing by TasksController#index as HTML
Redirected to http://localhost:3000/login
Filter chain halted as :login_required rendered or redirected
Completed 302 Found in 8ms (ActiveRecord: 0.0ms)


Started GET "/login" for ::1 at 2019-12-17 22:25:30 +0900
Processing by SessionsController#new as HTML
  Rendering sessions/new.html.slim within layouts/application
  Rendered sessions/new.html.slim within layouts/application (18.5ms)
Completed 200 OK in 1839ms (Views: 1837.3ms | ActiveRecord: 0.0ms)


Started GET "/" for ::1 at 2019-12-17 22:25:34 +0900
Processing by TasksController#index as HTML
Redirected to http://localhost:3000/login
Filter chain halted as :login_required rendered or redirected
Completed 302 Found in 2ms (ActiveRecord: 0.0ms)


Started GET "/login" for ::1 at 2019-12-17 22:25:34 +0900
Processing by SessionsController#new as HTML
  Rendering sessions/new.html.slim within layouts/application
  Rendered sessions/new.html.slim within layouts/application (4.3ms)
Completed 200 OK in 46ms (Views: 43.0ms | ActiveRecord: 0.0ms)


Started POST "/login" for ::1 at 2019-12-17 22:25:44 +0900
Processing by SessionsController#create as HTML
  Parameters: {"utf8"=>"✓", "authenticity_token"=>"SGSqmU7PvERqliqDUby0vfECtYXrmT6WMYyMulWHi8GTp3o0bgz0cD6XOriq9JyHzzmlvMxOz9+4QilNhOc0hg==", "session"=>{"email"=>"admin@example.com", "password"=>"[FILTERED]"}, "commit"=>"ログイン"}
  [1m[36mUser Load (14.2ms)[0m  [1m[34mSELECT  "users".* FROM "users" WHERE "users"."email" = $1 LIMIT $2[0m  [["email", "admin@example.com"], ["LIMIT", 1]]
  ↳ app/controllers/sessions_controller.rb:8
Redirected to http://localhost:3000/
Completed 302 Found in 289ms (ActiveRecord: 46.2ms)


Started GET "/" for ::1 at 2019-12-17 22:25:44 +0900
Processing by TasksController#index as HTML
  [1m[36mUser Load (0.4ms)[0m  [1m[34mSELECT  "users".* FROM "users" WHERE "users"."id" = $1 LIMIT $2[0m  [["id", 3], ["LIMIT", 1]]
  ↳ app/controllers/application_controller.rb:8
  Rendering tasks/index.html.slim within layouts/application
  [1m[36mTask Load (24.5ms)[0m  [1m[34mSELECT "tasks".* FROM "tasks" WHERE "tasks"."user_id" = $1 ORDER BY "tasks"."created_at" DESC[0m  [["user_id", 3]]
  ↳ app/views/tasks/index.html.slim:13
  Rendered tasks/index.html.slim within layouts/application (105.1ms)
Completed 200 OK in 160ms (Views: 110.3ms | ActiveRecord: 28.0ms)


Started GET "/tasks/new" for ::1 at 2019-12-17 22:25:56 +0900
Processing by TasksController#new as HTML
  [1m[36mUser Load (0.3ms)[0m  [1m[34mSELECT  "users".* FROM "users" WHERE "users"."id" = $1 LIMIT $2[0m  [["id", 3], ["LIMIT", 1]]
  ↳ app/controllers/application_controller.rb:8
  Rendering tasks/new.html.slim within layouts/application
  Rendered tasks/_form.html.slim (20.5ms)
  Rendered tasks/new.html.slim within layouts/application (26.2ms)
Completed 200 OK in 57ms (Views: 52.1ms | ActiveRecord: 0.3ms)


Started POST "/tasks" for ::1 at 2019-12-17 22:26:02 +0900
Processing by TasksController#create as HTML
  Parameters: {"utf8"=>"✓", "authenticity_token"=>"uR9RQnLwoEZspsXfpPBu/TWQfLWrAGtVybz0XUojPuI/xOnbcVExnUaB9MX7z06TVYRm1O7htyRxP+LoSmnxSw==", "task"=>{"name"=>"サンプル", "description"=>"123"}, "commit"=>"登録する"}
  [1m[36mUser Load (0.5ms)[0m  [1m[34mSELECT  "users".* FROM "users" WHERE "users"."id" = $1 LIMIT $2[0m  [["id", 3], ["LIMIT", 1]]
  ↳ app/controllers/application_controller.rb:8
  [1m[35m (0.2ms)[0m  [1m[35mBEGIN[0m
  ↳ app/controllers/tasks_controller.rb:26
  [1m[36mTask Create (3.4ms)[0m  [1m[32mINSERT INTO "tasks" ("name", "description", "created_at", "updated_at", "user_id") VALUES ($1, $2, $3, $4, $5) RETURNING "id"[0m  [["name", "サンプル"], ["description", "123"], ["created_at", "2019-12-17 13:26:02.282200"], ["updated_at", "2019-12-17 13:26:02.282200"], ["user_id", 3]]
  ↳ app/controllers/tasks_controller.rb:26
  [1m[35m (0.8ms)[0m  [1m[35mCOMMIT[0m
  ↳ app/controllers/tasks_controller.rb:26
Redirected to http://localhost:3000/tasks/37
Completed 302 Found in 12ms (ActiveRecord: 5.0ms)


Started GET "/tasks/37" for ::1 at 2019-12-17 22:26:02 +0900
Processing by TasksController#show as HTML
  Parameters: {"id"=>"37"}
  [1m[36mUser Load (0.2ms)[0m  [1m[34mSELECT  "users".* FROM "users" WHERE "users"."id" = $1 LIMIT $2[0m  [["id", 3], ["LIMIT", 1]]
  ↳ app/controllers/application_controller.rb:8
  [1m[36mTask Load (0.3ms)[0m  [1m[34mSELECT  "tasks".* FROM "tasks" WHERE "tasks"."user_id" = $1 AND "tasks"."id" = $2 LIMIT $3[0m  [["user_id", 3], ["id", 37], ["LIMIT", 1]]
  ↳ app/controllers/tasks_controller.rb:45
  Rendering tasks/show.html.slim within layouts/application
  Rendered tasks/show.html.slim within layouts/application (10.0ms)
Completed 200 OK in 38ms (Views: 33.4ms | ActiveRecord: 0.6ms)


Started DELETE "/tasks/37" for ::1 at 2019-12-17 22:26:05 +0900
Processing by TasksController#destroy as HTML
  Parameters: {"authenticity_token"=>"sNh7pSuw/ZH2Gv5QPuq92bZiszSPuBIqk8PPi/Q8pMxrG6sIC3O1paIb7mvFopXjiFmjDahv42MaDWp8JVwbiw==", "id"=>"37"}
  [1m[36mUser Load (0.3ms)[0m  [1m[34mSELECT  "users".* FROM "users" WHERE "users"."id" = $1 LIMIT $2[0m  [["id", 3], ["LIMIT", 1]]
  ↳ app/controllers/application_controller.rb:8
  [1m[36mTask Load (0.4ms)[0m  [1m[34mSELECT  "tasks".* FROM "tasks" WHERE "tasks"."user_id" = $1 AND "tasks"."id" = $2 LIMIT $3[0m  [["user_id", 3], ["id", 37], ["LIMIT", 1]]
  ↳ app/controllers/tasks_controller.rb:45
  [1m[35m (0.1ms)[0m  [1m[35mBEGIN[0m
  ↳ app/controllers/tasks_controller.rb:34
  [1m[36mTask Destroy (0.8ms)[0m  [1m[31mDELETE FROM "tasks" WHERE "tasks"."id" = $1[0m  [["id", 37]]
  ↳ app/controllers/tasks_controller.rb:34
  [1m[35m (0.3ms)[0m  [1m[35mCOMMIT[0m
  ↳ app/controllers/tasks_controller.rb:34
Redirected to http://localhost:3000/tasks
Completed 302 Found in 6ms (ActiveRecord: 1.9ms)


Started GET "/tasks" for ::1 at 2019-12-17 22:26:05 +0900
Processing by TasksController#index as HTML
  [1m[36mUser Load (0.5ms)[0m  [1m[34mSELECT  "users".* FROM "users" WHERE "users"."id" = $1 LIMIT $2[0m  [["id", 3], ["LIMIT", 1]]
  ↳ app/controllers/application_controller.rb:8
  Rendering tasks/index.html.slim within layouts/application
  [1m[36mTask Load (0.3ms)[0m  [1m[34mSELECT "tasks".* FROM "tasks" WHERE "tasks"."user_id" = $1 ORDER BY "tasks"."created_at" DESC[0m  [["user_id", 3]]
  ↳ app/views/tasks/index.html.slim:13
  Rendered tasks/index.html.slim within layouts/application (4.7ms)
Completed 200 OK in 30ms (Views: 26.4ms | ActiveRecord: 0.7ms)


Started GET "/tasks/36/edit" for ::1 at 2019-12-17 22:26:08 +0900
Processing by TasksController#edit as HTML
  Parameters: {"id"=>"36"}
  [1m[36mUser Load (0.4ms)[0m  [1m[34mSELECT  "users".* FROM "users" WHERE "users"."id" = $1 LIMIT $2[0m  [["id", 3], ["LIMIT", 1]]
  ↳ app/controllers/application_controller.rb:8
  [1m[36mTask Load (0.4ms)[0m  [1m[34mSELECT  "tasks".* FROM "tasks" WHERE "tasks"."user_id" = $1 AND "tasks"."id" = $2 LIMIT $3[0m  [["user_id", 3], ["id", 36], ["LIMIT", 1]]
  ↳ app/controllers/tasks_controller.rb:45
  Rendering tasks/edit.html.slim within layouts/application
  Rendered tasks/_form.html.slim (4.8ms)
  Rendered tasks/edit.html.slim within layouts/application (15.2ms)
Completed 200 OK in 45ms (Views: 38.8ms | ActiveRecord: 0.7ms)


Started PATCH "/tasks/36" for ::1 at 2019-12-17 22:26:12 +0900
Processing by TasksController#update as HTML
  Parameters: {"utf8"=>"✓", "authenticity_token"=>"kBsyjBj209RtTYwL8NteDt9T0lbydLvsTwtzzA9sxiWfG2BKt+gvWbL99BxVJ+3AGu2rOQ5irCDq8uAkRlOEjA==", "task"=>{"name"=>"サンプル", "description"=>"https://www.youtube.com/\r\n\r\n123"}, "commit"=>"更新する", "id"=>"36"}
  [1m[36mUser Load (0.3ms)[0m  [1m[34mSELECT  "users".* FROM "users" WHERE "users"."id" = $1 LIMIT $2[0m  [["id", 3], ["LIMIT", 1]]
  ↳ app/controllers/application_controller.rb:8
  [1m[36mTask Load (0.4ms)[0m  [1m[34mSELECT  "tasks".* FROM "tasks" WHERE "tasks"."user_id" = $1 AND "tasks"."id" = $2 LIMIT $3[0m  [["user_id", 3], ["id", 36], ["LIMIT", 1]]
  ↳ app/controllers/tasks_controller.rb:45
  [1m[35m (0.2ms)[0m  [1m[35mBEGIN[0m
  ↳ app/controllers/tasks_controller.rb:19
  [1m[36mTask Update (0.9ms)[0m  [1m[33mUPDATE "tasks" SET "description" = $1, "updated_at" = $2 WHERE "tasks"."id" = $3[0m  [["description", "https://www.youtube.com/\r\n\r\n123"], ["updated_at", "2019-12-17 13:26:12.875763"], ["id", 36]]
  ↳ app/controllers/tasks_controller.rb:19
  [1m[35m (0.3ms)[0m  [1m[35mCOMMIT[0m
  ↳ app/controllers/tasks_controller.rb:19
Redirected to http://localhost:3000/tasks
Completed 302 Found in 9ms (ActiveRecord: 2.0ms)


Started GET "/tasks" for ::1 at 2019-12-17 22:26:12 +0900
Processing by TasksController#index as HTML
  [1m[36mUser Load (0.2ms)[0m  [1m[34mSELECT  "users".* FROM "users" WHERE "users"."id" = $1 LIMIT $2[0m  [["id", 3], ["LIMIT", 1]]
  ↳ app/controllers/application_controller.rb:8
  Rendering tasks/index.html.slim within layouts/application
  [1m[36mTask Load (0.3ms)[0m  [1m[34mSELECT "tasks".* FROM "tasks" WHERE "tasks"."user_id" = $1 ORDER BY "tasks"."created_at" DESC[0m  [["user_id", 3]]
  ↳ app/views/tasks/index.html.slim:13
  Rendered tasks/index.html.slim within layouts/application (6.5ms)
Completed 200 OK in 31ms (Views: 28.3ms | ActiveRecord: 0.5ms)


Started GET "/login" for ::1 at 2020-01-06 22:18:58 +0900
  [1m[35m (1.6ms)[0m  [1m[34mSELECT "schema_migrations"."version" FROM "schema_migrations" ORDER BY "schema_migrations"."version" ASC[0m
  ↳ /Users/matsuoyuutaira/.rbenv/versions/2.5.1/lib/ruby/gems/2.5.0/gems/activerecord-5.2.3/lib/active_record/log_subscriber.rb:98
Processing by SessionsController#new as HTML
  Rendering sessions/new.html.slim within layouts/application
  Rendered sessions/new.html.slim within layouts/application (19.1ms)
Completed 200 OK in 1788ms (Views: 1780.4ms | ActiveRecord: 0.0ms)


Started GET "/login" for ::1 at 2020-01-06 22:19:06 +0900
Processing by SessionsController#new as HTML
  Rendering sessions/new.html.slim within layouts/application
  Rendered sessions/new.html.slim within layouts/application (5.9ms)
Completed 200 OK in 49ms (Views: 46.7ms | ActiveRecord: 0.0ms)


Started POST "/login" for ::1 at 2020-01-06 22:19:17 +0900
Processing by SessionsController#create as HTML
  Parameters: {"utf8"=>"✓", "authenticity_token"=>"kBch3gBXIxBjxcECd0k67ppmXzaL6SeGj8FlmbCnQ7iXOPq+TQ8dnyamfR/iCvMLJpbhJ3V2nLPIgdPkHd/Bfg==", "session"=>{"email"=>"admin@example.com", "password"=>"[FILTERED]"}, "commit"=>"ログイン"}
  [1m[36mUser Load (5.0ms)[0m  [1m[34mSELECT  "users".* FROM "users" WHERE "users"."email" = $1 LIMIT $2[0m  [["email", "admin@example.com"], ["LIMIT", 1]]
  ↳ app/controllers/sessions_controller.rb:8
Redirected to http://localhost:3000/
Completed 302 Found in 254ms (ActiveRecord: 17.0ms)


Started GET "/" for ::1 at 2020-01-06 22:19:17 +0900
Processing by TasksController#index as HTML
  [1m[36mUser Load (0.6ms)[0m  [1m[34mSELECT  "users".* FROM "users" WHERE "users"."id" = $1 LIMIT $2[0m  [["id", 3], ["LIMIT", 1]]
  ↳ app/controllers/application_controller.rb:8
  Rendering tasks/index.html.slim within layouts/application
  [1m[36mTask Load (6.3ms)[0m  [1m[34mSELECT "tasks".* FROM "tasks" WHERE "tasks"."user_id" = $1 ORDER BY "tasks"."created_at" DESC[0m  [["user_id", 3]]
  ↳ app/views/tasks/index.html.slim:13
  Rendered tasks/index.html.slim within layouts/application (61.8ms)
Completed 200 OK in 150ms (Views: 100.5ms | ActiveRecord: 10.1ms)


Started GET "/login" for ::1 at 2020-01-07 22:43:19 +0900
  [1m[35m (2.1ms)[0m  [1m[34mSELECT "schema_migrations"."version" FROM "schema_migrations" ORDER BY "schema_migrations"."version" ASC[0m
  ↳ /Users/matsuoyuutaira/.rbenv/versions/2.5.1/lib/ruby/gems/2.5.0/gems/activerecord-5.2.3/lib/active_record/log_subscriber.rb:98
Processing by SessionsController#new as HTML
  Rendering sessions/new.html.slim within layouts/application
  Rendered sessions/new.html.slim within layouts/application (16.4ms)
  [1m[36mUser Load (4.5ms)[0m  [1m[34mSELECT  "users".* FROM "users" WHERE "users"."id" = $1 LIMIT $2[0m  [["id", 3], ["LIMIT", 1]]
  ↳ app/controllers/application_controller.rb:8
Completed 200 OK in 430ms (Views: 398.9ms | ActiveRecord: 23.9ms)


Started POST "/login" for ::1 at 2020-01-07 22:43:27 +0900
Processing by SessionsController#create as HTML
  Parameters: {"utf8"=>"✓", "authenticity_token"=>"gMIO3U1BtCstzPdvChMGJy2FG3Txx57SPyr0LYjxbOKH7dW9ABmKpGivS3KfUM/CkXWlZQ9YJed4akJQJYnuJA==", "session"=>{"email"=>"admin@example.com", "password"=>"[FILTERED]"}, "commit"=>"ログイン"}
  [1m[36mUser Load (1.3ms)[0m  [1m[34mSELECT  "users".* FROM "users" WHERE "users"."email" = $1 LIMIT $2[0m  [["email", "admin@example.com"], ["LIMIT", 1]]
  ↳ app/controllers/sessions_controller.rb:8
Redirected to http://localhost:3000/
Completed 302 Found in 212ms (ActiveRecord: 1.3ms)


Started GET "/" for ::1 at 2020-01-07 22:43:27 +0900
Processing by TasksController#index as HTML
  [1m[36mUser Load (0.5ms)[0m  [1m[34mSELECT  "users".* FROM "users" WHERE "users"."id" = $1 LIMIT $2[0m  [["id", 3], ["LIMIT", 1]]
  ↳ app/controllers/application_controller.rb:8
  Rendering tasks/index.html.slim within layouts/application
  [1m[36mTask Load (8.3ms)[0m  [1m[34mSELECT "tasks".* FROM "tasks" WHERE "tasks"."user_id" = $1 ORDER BY "tasks"."created_at" DESC[0m  [["user_id", 3]]
  ↳ app/views/tasks/index.html.slim:13
  Rendered tasks/index.html.slim within layouts/application (39.1ms)
Completed 200 OK in 89ms (Views: 60.6ms | ActiveRecord: 11.0ms)


Started DELETE "/logout" for ::1 at 2020-01-07 22:43:36 +0900
Processing by SessionsController#destroy as HTML
  Parameters: {"authenticity_token"=>"Y1JgWow/OPpM8/eU19IX6q5B6akWKTsKccVAC0tOvg1kfbs6wWcGdQmQS4lCkd4PErFXuOi2gD82hfZ25jY8yw=="}
Redirected to http://localhost:3000/
Completed 302 Found in 1ms (ActiveRecord: 0.0ms)


Started GET "/" for ::1 at 2020-01-07 22:43:36 +0900
Processing by TasksController#index as HTML
Redirected to http://localhost:3000/login
Filter chain halted as :login_required rendered or redirected
Completed 302 Found in 1ms (ActiveRecord: 0.0ms)


Started GET "/login" for ::1 at 2020-01-07 22:43:36 +0900
Processing by SessionsController#new as HTML
  Rendering sessions/new.html.slim within layouts/application
  Rendered sessions/new.html.slim within layouts/application (3.1ms)
Completed 200 OK in 27ms (Views: 24.9ms | ActiveRecord: 0.0ms)


Started GET "/login" for ::1 at 2020-01-13 14:05:43 +0900
  [1m[35m (5.5ms)[0m  [1m[34mSELECT "schema_migrations"."version" FROM "schema_migrations" ORDER BY "schema_migrations"."version" ASC[0m
  ↳ /Users/matsuoyuutaira/.rbenv/versions/2.5.1/lib/ruby/gems/2.5.0/gems/activerecord-5.2.3/lib/active_record/log_subscriber.rb:98
Processing by SessionsController#new as HTML
  Rendering sessions/new.html.slim within layouts/application
  Rendered sessions/new.html.slim within layouts/application (17.5ms)
Completed 200 OK in 380ms (Views: 367.6ms | ActiveRecord: 0.0ms)


Started POST "/login" for ::1 at 2020-01-13 14:05:51 +0900
Processing by SessionsController#create as HTML
  Parameters: {"utf8"=>"✓", "authenticity_token"=>"jdbauG5Uaebhi8JbjOWhbJWD8Fvx80zYHmEX1TFrhu0I3BNiYclgo6+Ra7DFsj2BrXv/r+jBBAukh5SoyWCPIQ==", "session"=>{"email"=>"admin@example.com", "password"=>"[FILTERED]"}, "commit"=>"ログインする"}
  [1m[36mUser Load (2.6ms)[0m  [1m[34mSELECT  "users".* FROM "users" WHERE "users"."email" = $1 LIMIT $2[0m  [["email", "admin@example.com"], ["LIMIT", 1]]
  ↳ app/controllers/sessions_controller.rb:8
Redirected to http://localhost:3000/
Completed 302 Found in 252ms (ActiveRecord: 11.2ms)


Started GET "/" for ::1 at 2020-01-13 14:05:51 +0900
Processing by TasksController#index as HTML
  [1m[36mUser Load (1.9ms)[0m  [1m[34mSELECT  "users".* FROM "users" WHERE "users"."id" = $1 LIMIT $2[0m  [["id", 3], ["LIMIT", 1]]
  ↳ app/controllers/application_controller.rb:8
  Rendering tasks/index.html.slim within layouts/application
  [1m[36mTask Load (7.0ms)[0m  [1m[34mSELECT "tasks".* FROM "tasks" WHERE "tasks"."user_id" = $1 ORDER BY "tasks"."created_at" DESC[0m  [["user_id", 3]]
  ↳ app/views/tasks/index.html.slim:13
  Rendered tasks/index.html.slim within layouts/application (26.1ms)
Completed 200 OK in 67ms (Views: 40.8ms | ActiveRecord: 11.1ms)


Started GET "/tasks/36/edit" for ::1 at 2020-01-13 14:05:57 +0900
Processing by TasksController#edit as HTML
  Parameters: {"id"=>"36"}
  [1m[36mUser Load (0.5ms)[0m  [1m[34mSELECT  "users".* FROM "users" WHERE "users"."id" = $1 LIMIT $2[0m  [["id", 3], ["LIMIT", 1]]
  ↳ app/controllers/application_controller.rb:8
  [1m[36mTask Load (0.3ms)[0m  [1m[34mSELECT  "tasks".* FROM "tasks" WHERE "tasks"."user_id" = $1 AND "tasks"."id" = $2 LIMIT $3[0m  [["user_id", 3], ["id", 36], ["LIMIT", 1]]
  ↳ app/controllers/tasks_controller.rb:45
  Rendering tasks/edit.html.slim within layouts/application
  Rendered tasks/_form.html.slim (6.5ms)
  Rendered tasks/edit.html.slim within layouts/application (10.9ms)
Completed 200 OK in 42ms (Views: 35.7ms | ActiveRecord: 0.8ms)


Started GET "/tasks" for ::1 at 2020-01-13 14:06:01 +0900
Processing by TasksController#index as HTML
  [1m[36mUser Load (0.6ms)[0m  [1m[34mSELECT  "users".* FROM "users" WHERE "users"."id" = $1 LIMIT $2[0m  [["id", 3], ["LIMIT", 1]]
  ↳ app/controllers/application_controller.rb:8
  Rendering tasks/index.html.slim within layouts/application
  [1m[36mTask Load (0.4ms)[0m  [1m[34mSELECT "tasks".* FROM "tasks" WHERE "tasks"."user_id" = $1 ORDER BY "tasks"."created_at" DESC[0m  [["user_id", 3]]
  ↳ app/views/tasks/index.html.slim:13
  Rendered tasks/index.html.slim within layouts/application (7.5ms)
Completed 200 OK in 42ms (Views: 36.6ms | ActiveRecord: 0.9ms)


Started GET "/tasks/new" for ::1 at 2020-01-13 14:06:04 +0900
Processing by TasksController#new as HTML
  [1m[36mUser Load (0.6ms)[0m  [1m[34mSELECT  "users".* FROM "users" WHERE "users"."id" = $1 LIMIT $2[0m  [["id", 3], ["LIMIT", 1]]
  ↳ app/controllers/application_controller.rb:8
  Rendering tasks/new.html.slim within layouts/application
  Rendered tasks/_form.html.slim (5.7ms)
  Rendered tasks/new.html.slim within layouts/application (10.4ms)
Completed 200 OK in 42ms (Views: 36.9ms | ActiveRecord: 0.6ms)


Started POST "/tasks" for ::1 at 2020-01-13 14:14:01 +0900
Processing by TasksController#create as HTML
  Parameters: {"utf8"=>"✓", "authenticity_token"=>"fqynl4IKRxBatLRGoCaJpe0s/o5jjLwFfV5K5NvHe927kPsPfTd/E3F/T/jIbJQlNuwi1ESbz5yTfr1w9UnnyQ==", "task"=>{"name"=>"", "description"=>"１１１１１"}, "commit"=>"登録する"}
  [1m[36mUser Load (0.7ms)[0m  [1m[34mSELECT  "users".* FROM "users" WHERE "users"."id" = $1 LIMIT $2[0m  [["id", 3], ["LIMIT", 1]]
  ↳ app/controllers/application_controller.rb:8
  [1m[35m (0.2ms)[0m  [1m[35mBEGIN[0m
  ↳ app/controllers/tasks_controller.rb:26
  [1m[36mTask Create (4.1ms)[0m  [1m[32mINSERT INTO "tasks" ("name", "description", "created_at", "updated_at", "user_id") VALUES ($1, $2, $3, $4, $5) RETURNING "id"[0m  [["name", "名前なし"], ["description", "１１１１１"], ["created_at", "2020-01-13 05:14:01.437400"], ["updated_at", "2020-01-13 05:14:01.437400"], ["user_id", 3]]
  ↳ app/controllers/tasks_controller.rb:26
  [1m[35m (0.5ms)[0m  [1m[35mCOMMIT[0m
  ↳ app/controllers/tasks_controller.rb:26
Redirected to http://localhost:3000/tasks/38
Completed 302 Found in 13ms (ActiveRecord: 5.6ms)


Started GET "/tasks/38" for ::1 at 2020-01-13 14:14:01 +0900
Processing by TasksController#show as HTML
  Parameters: {"id"=>"38"}
  [1m[36mUser Load (0.2ms)[0m  [1m[34mSELECT  "users".* FROM "users" WHERE "users"."id" = $1 LIMIT $2[0m  [["id", 3], ["LIMIT", 1]]
  ↳ app/controllers/application_controller.rb:8
  [1m[36mTask Load (0.4ms)[0m  [1m[34mSELECT  "tasks".* FROM "tasks" WHERE "tasks"."user_id" = $1 AND "tasks"."id" = $2 LIMIT $3[0m  [["user_id", 3], ["id", 38], ["LIMIT", 1]]
  ↳ app/controllers/tasks_controller.rb:45
  Rendering tasks/show.html.slim within layouts/application
  Rendered tasks/show.html.slim within layouts/application (20.7ms)
Completed 200 OK in 62ms (Views: 57.1ms | ActiveRecord: 0.6ms)


Started GET "/tasks" for ::1 at 2020-01-13 14:14:08 +0900
Processing by TasksController#index as HTML
  [1m[36mUser Load (0.4ms)[0m  [1m[34mSELECT  "users".* FROM "users" WHERE "users"."id" = $1 LIMIT $2[0m  [["id", 3], ["LIMIT", 1]]
  ↳ app/controllers/application_controller.rb:8
  Rendering tasks/index.html.slim within layouts/application
  [1m[36mTask Load (0.4ms)[0m  [1m[34mSELECT "tasks".* FROM "tasks" WHERE "tasks"."user_id" = $1 ORDER BY "tasks"."created_at" DESC[0m  [["user_id", 3]]
  ↳ app/views/tasks/index.html.slim:13
  Rendered tasks/index.html.slim within layouts/application (7.2ms)
Completed 200 OK in 39ms (Views: 33.6ms | ActiveRecord: 0.8ms)


Started GET "/tasks/38" for ::1 at 2020-01-13 14:14:13 +0900
Processing by TasksController#show as HTML
  Parameters: {"id"=>"38"}
  [1m[36mUser Load (0.4ms)[0m  [1m[34mSELECT  "users".* FROM "users" WHERE "users"."id" = $1 LIMIT $2[0m  [["id", 3], ["LIMIT", 1]]
  ↳ app/controllers/application_controller.rb:8
  [1m[36mTask Load (0.9ms)[0m  [1m[34mSELECT  "tasks".* FROM "tasks" WHERE "tasks"."user_id" = $1 AND "tasks"."id" = $2 LIMIT $3[0m  [["user_id", 3], ["id", 38], ["LIMIT", 1]]
  ↳ app/controllers/tasks_controller.rb:45
  Rendering tasks/show.html.slim within layouts/application
  Rendered tasks/show.html.slim within layouts/application (6.8ms)
Completed 200 OK in 41ms (Views: 33.5ms | ActiveRecord: 1.3ms)


Started DELETE "/tasks/38" for ::1 at 2020-01-13 14:14:17 +0900
Processing by TasksController#destroy as HTML
  Parameters: {"authenticity_token"=>"6IvvXG0MTs/VDsnLR8hRhL/KnLII5cGJGhxKhaf7i3VtgSaGYpFHipsUYCAOn81phzKTRhHXiVqg+sn4X/CCuQ==", "id"=>"38"}
  [1m[36mUser Load (0.6ms)[0m  [1m[34mSELECT  "users".* FROM "users" WHERE "users"."id" = $1 LIMIT $2[0m  [["id", 3], ["LIMIT", 1]]
  ↳ app/controllers/application_controller.rb:8
  [1m[36mTask Load (0.3ms)[0m  [1m[34mSELECT  "tasks".* FROM "tasks" WHERE "tasks"."user_id" = $1 AND "tasks"."id" = $2 LIMIT $3[0m  [["user_id", 3], ["id", 38], ["LIMIT", 1]]
  ↳ app/controllers/tasks_controller.rb:45
  [1m[35m (0.1ms)[0m  [1m[35mBEGIN[0m
  ↳ app/controllers/tasks_controller.rb:34
  [1m[36mTask Destroy (2.0ms)[0m  [1m[31mDELETE FROM "tasks" WHERE "tasks"."id" = $1[0m  [["id", 38]]
  ↳ app/controllers/tasks_controller.rb:34
  [1m[35m (0.7ms)[0m  [1m[35mCOMMIT[0m
  ↳ app/controllers/tasks_controller.rb:34
Redirected to http://localhost:3000/tasks
Completed 302 Found in 9ms (ActiveRecord: 3.8ms)


Started GET "/tasks" for ::1 at 2020-01-13 14:14:17 +0900
Processing by TasksController#index as HTML
  [1m[36mUser Load (0.2ms)[0m  [1m[34mSELECT  "users".* FROM "users" WHERE "users"."id" = $1 LIMIT $2[0m  [["id", 3], ["LIMIT", 1]]
  ↳ app/controllers/application_controller.rb:8
  Rendering tasks/index.html.slim within layouts/application
  [1m[36mTask Load (0.3ms)[0m  [1m[34mSELECT "tasks".* FROM "tasks" WHERE "tasks"."user_id" = $1 ORDER BY "tasks"."created_at" DESC[0m  [["user_id", 3]]
  ↳ app/views/tasks/index.html.slim:13
  Rendered tasks/index.html.slim within layouts/application (5.3ms)
Completed 200 OK in 43ms (Views: 40.3ms | ActiveRecord: 0.6ms)


Started GET "/tasks" for ::1 at 2020-01-13 14:14:22 +0900
Processing by TasksController#index as HTML
  [1m[36mUser Load (0.3ms)[0m  [1m[34mSELECT  "users".* FROM "users" WHERE "users"."id" = $1 LIMIT $2[0m  [["id", 3], ["LIMIT", 1]]
  ↳ app/controllers/application_controller.rb:8
  Rendering tasks/index.html.slim within layouts/application
  [1m[36mTask Load (0.3ms)[0m  [1m[34mSELECT "tasks".* FROM "tasks" WHERE "tasks"."user_id" = $1 ORDER BY "tasks"."created_at" DESC[0m  [["user_id", 3]]
  ↳ app/views/tasks/index.html.slim:13
  Rendered tasks/index.html.slim within layouts/application (6.8ms)
Completed 200 OK in 35ms (Views: 30.9ms | ActiveRecord: 0.6ms)


Started GET "/admin/users" for ::1 at 2020-01-13 14:14:27 +0900
Processing by Admin::UsersController#index as HTML
  [1m[36mUser Load (0.2ms)[0m  [1m[34mSELECT  "users".* FROM "users" WHERE "users"."id" = $1 LIMIT $2[0m  [["id", 3], ["LIMIT", 1]]
  ↳ app/controllers/application_controller.rb:8
  Rendering admin/users/index.html.slim within layouts/application
  [1m[36mUser Load (0.3ms)[0m  [1m[34mSELECT "users".* FROM "users"[0m
  ↳ app/views/admin/users/index.html.slim:16
  Rendered admin/users/index.html.slim within layouts/application (8.3ms)
Completed 200 OK in 37ms (Views: 33.2ms | ActiveRecord: 0.5ms)


Started GET "/tasks" for ::1 at 2020-01-13 14:14:30 +0900
Processing by TasksController#index as HTML
  [1m[36mUser Load (0.7ms)[0m  [1m[34mSELECT  "users".* FROM "users" WHERE "users"."id" = $1 LIMIT $2[0m  [["id", 3], ["LIMIT", 1]]
  ↳ app/controllers/application_controller.rb:8
  Rendering tasks/index.html.slim within layouts/application
  [1m[36mTask Load (0.5ms)[0m  [1m[34mSELECT "tasks".* FROM "tasks" WHERE "tasks"."user_id" = $1 ORDER BY "tasks"."created_at" DESC[0m  [["user_id", 3]]
  ↳ app/views/tasks/index.html.slim:13
  Rendered tasks/index.html.slim within layouts/application (7.8ms)
Completed 200 OK in 43ms (Views: 36.2ms | ActiveRecord: 1.2ms)


Started GET "/tasks/new" for ::1 at 2020-01-13 14:14:34 +0900
Processing by TasksController#new as HTML
  [1m[36mUser Load (0.4ms)[0m  [1m[34mSELECT  "users".* FROM "users" WHERE "users"."id" = $1 LIMIT $2[0m  [["id", 3], ["LIMIT", 1]]
  ↳ app/controllers/application_controller.rb:8
  Rendering tasks/new.html.slim within layouts/application
  Rendered tasks/_form.html.slim (5.4ms)
  Rendered tasks/new.html.slim within layouts/application (10.5ms)
Completed 200 OK in 43ms (Views: 37.4ms | ActiveRecord: 0.4ms)


Started POST "/tasks" for ::1 at 2020-01-13 14:14:40 +0900
Processing by TasksController#create as HTML
  Parameters: {"utf8"=>"✓", "authenticity_token"=>"lU2Z4lUvbGO1MrhDzSvshFSjI6bYgD4gcrYSbnU/QJ1QccV6qhJUYJ75Q/2lYfEEj2P//P+XTbmcluX6W7HciQ==", "task"=>{"name"=>"", "description"=>""}, "commit"=>"登録する"}
  [1m[36mUser Load (0.2ms)[0m  [1m[34mSELECT  "users".* FROM "users" WHERE "users"."id" = $1 LIMIT $2[0m  [["id", 3], ["LIMIT", 1]]
  ↳ app/controllers/application_controller.rb:8
  [1m[35m (0.2ms)[0m  [1m[35mBEGIN[0m
  ↳ app/controllers/tasks_controller.rb:26
  [1m[36mTask Create (0.4ms)[0m  [1m[32mINSERT INTO "tasks" ("name", "description", "created_at", "updated_at", "user_id") VALUES ($1, $2, $3, $4, $5) RETURNING "id"[0m  [["name", "名前なし"], ["description", ""], ["created_at", "2020-01-13 05:14:40.326306"], ["updated_at", "2020-01-13 05:14:40.326306"], ["user_id", 3]]
  ↳ app/controllers/tasks_controller.rb:26
  [1m[35m (0.6ms)[0m  [1m[35mCOMMIT[0m
  ↳ app/controllers/tasks_controller.rb:26
Redirected to http://localhost:3000/tasks/39
Completed 302 Found in 6ms (ActiveRecord: 1.5ms)


Started GET "/tasks/39" for ::1 at 2020-01-13 14:14:40 +0900
Processing by TasksController#show as HTML
  Parameters: {"id"=>"39"}
  [1m[36mUser Load (0.2ms)[0m  [1m[34mSELECT  "users".* FROM "users" WHERE "users"."id" = $1 LIMIT $2[0m  [["id", 3], ["LIMIT", 1]]
  ↳ app/controllers/application_controller.rb:8
  [1m[36mTask Load (0.3ms)[0m  [1m[34mSELECT  "tasks".* FROM "tasks" WHERE "tasks"."user_id" = $1 AND "tasks"."id" = $2 LIMIT $3[0m  [["user_id", 3], ["id", 39], ["LIMIT", 1]]
  ↳ app/controllers/tasks_controller.rb:45
  Rendering tasks/show.html.slim within layouts/application
  Rendered tasks/show.html.slim within layouts/application (7.0ms)
Completed 200 OK in 39ms (Views: 34.7ms | ActiveRecord: 0.5ms)


Started GET "/tasks/39/edit" for ::1 at 2020-01-13 14:14:42 +0900
Processing by TasksController#edit as HTML
  Parameters: {"id"=>"39"}
  [1m[36mUser Load (0.3ms)[0m  [1m[34mSELECT  "users".* FROM "users" WHERE "users"."id" = $1 LIMIT $2[0m  [["id", 3], ["LIMIT", 1]]
  ↳ app/controllers/application_controller.rb:8
  [1m[36mTask Load (0.3ms)[0m  [1m[34mSELECT  "tasks".* FROM "tasks" WHERE "tasks"."user_id" = $1 AND "tasks"."id" = $2 LIMIT $3[0m  [["user_id", 3], ["id", 39], ["LIMIT", 1]]
  ↳ app/controllers/tasks_controller.rb:45
  Rendering tasks/edit.html.slim within layouts/application
  Rendered tasks/_form.html.slim (6.0ms)
  Rendered tasks/edit.html.slim within layouts/application (10.8ms)
Completed 200 OK in 51ms (Views: 45.0ms | ActiveRecord: 0.6ms)


Started GET "/tasks" for ::1 at 2020-01-13 14:14:44 +0900
Processing by TasksController#index as HTML
  [1m[36mUser Load (0.3ms)[0m  [1m[34mSELECT  "users".* FROM "users" WHERE "users"."id" = $1 LIMIT $2[0m  [["id", 3], ["LIMIT", 1]]
  ↳ app/controllers/application_controller.rb:8
  Rendering tasks/index.html.slim within layouts/application
  [1m[36mTask Load (0.5ms)[0m  [1m[34mSELECT "tasks".* FROM "tasks" WHERE "tasks"."user_id" = $1 ORDER BY "tasks"."created_at" DESC[0m  [["user_id", 3]]
  ↳ app/views/tasks/index.html.slim:13
  Rendered tasks/index.html.slim within layouts/application (8.8ms)
Completed 200 OK in 42ms (Views: 36.0ms | ActiveRecord: 0.8ms)


Started DELETE "/tasks/39" for ::1 at 2020-01-13 14:14:47 +0900
Processing by TasksController#destroy as HTML
  Parameters: {"authenticity_token"=>"lPdsICzhQluD5RTqsmRSCCJWTAIka3MKwQgkB2DllosR/aX6I3xLHs3/vQH7M87lGq5D9j1ZO9l77qd6mO6fRw==", "id"=>"39"}
  [1m[36mUser Load (0.3ms)[0m  [1m[34mSELECT  "users".* FROM "users" WHERE "users"."id" = $1 LIMIT $2[0m  [["id", 3], ["LIMIT", 1]]
  ↳ app/controllers/application_controller.rb:8
  [1m[36mTask Load (0.4ms)[0m  [1m[34mSELECT  "tasks".* FROM "tasks" WHERE "tasks"."user_id" = $1 AND "tasks"."id" = $2 LIMIT $3[0m  [["user_id", 3], ["id", 39], ["LIMIT", 1]]
  ↳ app/controllers/tasks_controller.rb:45
  [1m[35m (0.2ms)[0m  [1m[35mBEGIN[0m
  ↳ app/controllers/tasks_controller.rb:34
  [1m[36mTask Destroy (0.3ms)[0m  [1m[31mDELETE FROM "tasks" WHERE "tasks"."id" = $1[0m  [["id", 39]]
  ↳ app/controllers/tasks_controller.rb:34
  [1m[35m (0.4ms)[0m  [1m[35mCOMMIT[0m
  ↳ app/controllers/tasks_controller.rb:34
Redirected to http://localhost:3000/tasks
Completed 302 Found in 6ms (ActiveRecord: 1.6ms)


Started GET "/tasks" for ::1 at 2020-01-13 14:14:47 +0900
Processing by TasksController#index as HTML
  [1m[36mUser Load (0.2ms)[0m  [1m[34mSELECT  "users".* FROM "users" WHERE "users"."id" = $1 LIMIT $2[0m  [["id", 3], ["LIMIT", 1]]
  ↳ app/controllers/application_controller.rb:8
  Rendering tasks/index.html.slim within layouts/application
  [1m[36mTask Load (0.3ms)[0m  [1m[34mSELECT "tasks".* FROM "tasks" WHERE "tasks"."user_id" = $1 ORDER BY "tasks"."created_at" DESC[0m  [["user_id", 3]]
  ↳ app/views/tasks/index.html.slim:13
  Rendered tasks/index.html.slim within layouts/application (5.5ms)
Completed 200 OK in 43ms (Views: 40.3ms | ActiveRecord: 0.4ms)


Started GET "/login" for ::1 at 2020-01-13 14:31:50 +0900
  [1m[35m (0.4ms)[0m  [1m[34mSELECT "schema_migrations"."version" FROM "schema_migrations" ORDER BY "schema_migrations"."version" ASC[0m
  ↳ /Users/matsuoyuutaira/.rbenv/versions/2.5.1/lib/ruby/gems/2.5.0/gems/activerecord-5.2.3/lib/active_record/log_subscriber.rb:98
Processing by SessionsController#new as HTML
  Rendering sessions/new.html.slim within layouts/application
  Rendered sessions/new.html.slim within layouts/application (17.5ms)
  [1m[36mUser Load (0.5ms)[0m  [1m[34mSELECT  "users".* FROM "users" WHERE "users"."id" = $1 LIMIT $2[0m  [["id", 3], ["LIMIT", 1]]
  ↳ app/controllers/application_controller.rb:8
Completed 200 OK in 364ms (Views: 351.1ms | ActiveRecord: 3.7ms)


Started POST "/login" for ::1 at 2020-01-13 14:31:59 +0900
Processing by SessionsController#create as HTML
  Parameters: {"utf8"=>"✓", "authenticity_token"=>"DaFvh0c8r5XxVqVDaufTWZcgj2ac/KYHggCoP9Ti4ouIq6ZdSKGm0L9MDKgjsE+0r9iAkoXO7tQ45itCLOnrRw==", "session"=>{"email"=>"admin@example.com", "password"=>"[FILTERED]"}, "commit"=>"ログインする"}
  [1m[36mUser Load (0.3ms)[0m  [1m[34mSELECT  "users".* FROM "users" WHERE "users"."email" = $1 LIMIT $2[0m  [["email", "admin@example.com"], ["LIMIT", 1]]
  ↳ app/controllers/sessions_controller.rb:8
Redirected to http://localhost:3000/
Completed 302 Found in 213ms (ActiveRecord: 0.3ms)


Started GET "/" for ::1 at 2020-01-13 14:32:00 +0900
Processing by TasksController#index as HTML
  [1m[36mUser Load (0.3ms)[0m  [1m[34mSELECT  "users".* FROM "users" WHERE "users"."id" = $1 LIMIT $2[0m  [["id", 3], ["LIMIT", 1]]
  ↳ app/controllers/application_controller.rb:8
  Rendering tasks/index.html.slim within layouts/application
  [1m[36mTask Load (0.4ms)[0m  [1m[34mSELECT "tasks".* FROM "tasks" WHERE "tasks"."user_id" = $1 ORDER BY "tasks"."created_at" DESC[0m  [["user_id", 3]]
  ↳ app/views/tasks/index.html.slim:13
  Rendered tasks/index.html.slim within layouts/application (36.9ms)
Completed 200 OK in 81ms (Views: 59.9ms | ActiveRecord: 2.8ms)


Started GET "/tasks/new" for ::1 at 2020-01-13 14:32:05 +0900
Processing by TasksController#new as HTML
  [1m[36mUser Load (0.4ms)[0m  [1m[34mSELECT  "users".* FROM "users" WHERE "users"."id" = $1 LIMIT $2[0m  [["id", 3], ["LIMIT", 1]]
  ↳ app/controllers/application_controller.rb:8
  Rendering tasks/new.html.slim within layouts/application
  Rendered tasks/_form.html.slim (7.1ms)
  Rendered tasks/new.html.slim within layouts/application (11.9ms)
Completed 200 OK in 49ms (Views: 45.1ms | ActiveRecord: 0.4ms)


Started POST "/tasks" for ::1 at 2020-01-13 14:32:11 +0900
Processing by TasksController#create as HTML
  Parameters: {"utf8"=>"✓", "authenticity_token"=>"eCZBTZkwQEKssb8ykEB/UWgNlDzpBTSLfao1Jv7I5ya9Gh3VZg14QYd6RIz4CmLRs81IZs4SRxKTisKy0EZ7Mg==", "task"=>{"name"=>"", "description"=>""}, "commit"=>"登録する"}
  [1m[36mUser Load (0.5ms)[0m  [1m[34mSELECT  "users".* FROM "users" WHERE "users"."id" = $1 LIMIT $2[0m  [["id", 3], ["LIMIT", 1]]
  ↳ app/controllers/application_controller.rb:8
  [1m[35m (0.2ms)[0m  [1m[35mBEGIN[0m
  ↳ app/controllers/tasks_controller.rb:26
  [1m[36mTask Create (0.5ms)[0m  [1m[32mINSERT INTO "tasks" ("name", "description", "created_at", "updated_at", "user_id") VALUES ($1, $2, $3, $4, $5) RETURNING "id"[0m  [["name", "名前なし"], ["description", ""], ["created_at", "2020-01-13 05:32:11.802828"], ["updated_at", "2020-01-13 05:32:11.802828"], ["user_id", 3]]
  ↳ app/controllers/tasks_controller.rb:26
  [1m[35m (1.3ms)[0m  [1m[35mCOMMIT[0m
  ↳ app/controllers/tasks_controller.rb:26
Redirected to http://localhost:3000/tasks/40
Completed 302 Found in 9ms (ActiveRecord: 2.5ms)


Started GET "/tasks/40" for ::1 at 2020-01-13 14:32:11 +0900
Processing by TasksController#show as HTML
  Parameters: {"id"=>"40"}
  [1m[36mUser Load (0.3ms)[0m  [1m[34mSELECT  "users".* FROM "users" WHERE "users"."id" = $1 LIMIT $2[0m  [["id", 3], ["LIMIT", 1]]
  ↳ app/controllers/application_controller.rb:8
  [1m[36mTask Load (0.3ms)[0m  [1m[34mSELECT  "tasks".* FROM "tasks" WHERE "tasks"."user_id" = $1 AND "tasks"."id" = $2 LIMIT $3[0m  [["user_id", 3], ["id", 40], ["LIMIT", 1]]
  ↳ app/controllers/tasks_controller.rb:45
  Rendering tasks/show.html.slim within layouts/application
  Rendered tasks/show.html.slim within layouts/application (13.5ms)
Completed 200 OK in 43ms (Views: 38.7ms | ActiveRecord: 0.6ms)


Started DELETE "/tasks/40" for ::1 at 2020-01-13 14:32:15 +0900
Processing by TasksController#destroy as HTML
  Parameters: {"authenticity_token"=>"+3YkRGaOOXzP9Uk2HeqvroHgCG9l5NMHj35vQVkFMhF+fO2eaRMwOYHv4N1UvTNDuRgHm3zWm9Q1mOw8oQ473Q==", "id"=>"40"}
  [1m[36mUser Load (0.4ms)[0m  [1m[34mSELECT  "users".* FROM "users" WHERE "users"."id" = $1 LIMIT $2[0m  [["id", 3], ["LIMIT", 1]]
  ↳ app/controllers/application_controller.rb:8
  [1m[36mTask Load (0.2ms)[0m  [1m[34mSELECT  "tasks".* FROM "tasks" WHERE "tasks"."user_id" = $1 AND "tasks"."id" = $2 LIMIT $3[0m  [["user_id", 3], ["id", 40], ["LIMIT", 1]]
  ↳ app/controllers/tasks_controller.rb:45
  [1m[35m (0.1ms)[0m  [1m[35mBEGIN[0m
  ↳ app/controllers/tasks_controller.rb:34
  [1m[36mTask Destroy (0.2ms)[0m  [1m[31mDELETE FROM "tasks" WHERE "tasks"."id" = $1[0m  [["id", 40]]
  ↳ app/controllers/tasks_controller.rb:34
  [1m[35m (0.3ms)[0m  [1m[35mCOMMIT[0m
  ↳ app/controllers/tasks_controller.rb:34
Redirected to http://localhost:3000/tasks
Completed 302 Found in 5ms (ActiveRecord: 1.2ms)


Started GET "/tasks" for ::1 at 2020-01-13 14:32:15 +0900
Processing by TasksController#index as HTML
  [1m[36mUser Load (0.2ms)[0m  [1m[34mSELECT  "users".* FROM "users" WHERE "users"."id" = $1 LIMIT $2[0m  [["id", 3], ["LIMIT", 1]]
  ↳ app/controllers/application_controller.rb:8
  Rendering tasks/index.html.slim within layouts/application
  [1m[36mTask Load (0.2ms)[0m  [1m[34mSELECT "tasks".* FROM "tasks" WHERE "tasks"."user_id" = $1 ORDER BY "tasks"."created_at" DESC[0m  [["user_id", 3]]
  ↳ app/views/tasks/index.html.slim:13
  Rendered tasks/index.html.slim within layouts/application (5.4ms)
Completed 200 OK in 33ms (Views: 29.3ms | ActiveRecord: 0.4ms)


  [1m[35m (0.3ms)[0m  [1m[35mBEGIN[0m
  [1m[35m (0.3ms)[0m  [1m[31mROLLBACK[0m
Started GET "/login" for ::1 at 2020-01-13 14:40:48 +0900
  [1m[35m (0.4ms)[0m  [1m[34mSELECT "schema_migrations"."version" FROM "schema_migrations" ORDER BY "schema_migrations"."version" ASC[0m
  ↳ /Users/matsuoyuutaira/.rbenv/versions/2.5.1/lib/ruby/gems/2.5.0/gems/activerecord-5.2.3/lib/active_record/log_subscriber.rb:98
Processing by SessionsController#new as HTML
  Rendering sessions/new.html.slim within layouts/application
  Rendered sessions/new.html.slim within layouts/application (14.2ms)
  [1m[36mUser Load (0.4ms)[0m  [1m[34mSELECT  "users".* FROM "users" WHERE "users"."id" = $1 LIMIT $2[0m  [["id", 3], ["LIMIT", 1]]
  ↳ app/controllers/application_controller.rb:8
Completed 200 OK in 325ms (Views: 311.7ms | ActiveRecord: 4.4ms)


Started POST "/login" for ::1 at 2020-01-13 14:40:59 +0900
Processing by SessionsController#create as HTML
  Parameters: {"utf8"=>"✓", "authenticity_token"=>"6i6GptuzYfWnQuN7oxrPhJDDwNeREVgbDwH9jz6Ku29vJE981C5osOlYSpDqTVNpqDvPI4gjEMi1537yxoGyow==", "session"=>{"email"=>"admin@example.com", "password"=>"[FILTERED]"}, "commit"=>"ログインする"}
  [1m[36mUser Load (0.2ms)[0m  [1m[34mSELECT  "users".* FROM "users" WHERE "users"."email" = $1 LIMIT $2[0m  [["email", "admin@example.com"], ["LIMIT", 1]]
  ↳ app/controllers/sessions_controller.rb:8
Redirected to http://localhost:3000/
Completed 302 Found in 212ms (ActiveRecord: 0.2ms)


Started GET "/" for ::1 at 2020-01-13 14:40:59 +0900
Processing by TasksController#index as HTML
  [1m[36mUser Load (0.3ms)[0m  [1m[34mSELECT  "users".* FROM "users" WHERE "users"."id" = $1 LIMIT $2[0m  [["id", 3], ["LIMIT", 1]]
  ↳ app/controllers/application_controller.rb:8
  Rendering tasks/index.html.slim within layouts/application
  [1m[36mTask Load (0.4ms)[0m  [1m[34mSELECT "tasks".* FROM "tasks" WHERE "tasks"."user_id" = $1 ORDER BY "tasks"."created_at" DESC[0m  [["user_id", 3]]
  ↳ app/views/tasks/index.html.slim:13
  Rendered tasks/index.html.slim within layouts/application (37.2ms)
Completed 200 OK in 85ms (Views: 63.7ms | ActiveRecord: 2.7ms)


Started GET "/tasks/new" for ::1 at 2020-01-13 14:41:01 +0900
Processing by TasksController#new as HTML
  [1m[36mUser Load (0.4ms)[0m  [1m[34mSELECT  "users".* FROM "users" WHERE "users"."id" = $1 LIMIT $2[0m  [["id", 3], ["LIMIT", 1]]
  ↳ app/controllers/application_controller.rb:8
  Rendering tasks/new.html.slim within layouts/application
  Rendered tasks/_form.html.slim (7.6ms)
  Rendered tasks/new.html.slim within layouts/application (13.4ms)
Completed 200 OK in 46ms (Views: 40.8ms | ActiveRecord: 0.4ms)


Started POST "/tasks" for ::1 at 2020-01-13 14:41:16 +0900
Processing by TasksController#create as HTML
  Parameters: {"utf8"=>"✓", "authenticity_token"=>"AFo0MnkZ68jL4Q9EeKKPPBVRuP+l5esKa7eAcB7cLJnFZmiqhiTTy+Aq9PoQ6JK8zpFkpYLymJOFl3fkMFKwjQ==", "task"=>{"name"=>"サンプル,task", "description"=>""}, "commit"=>"登録する"}
  [1m[36mUser Load (0.7ms)[0m  [1m[34mSELECT  "users".* FROM "users" WHERE "users"."id" = $1 LIMIT $2[0m  [["id", 3], ["LIMIT", 1]]
  ↳ app/controllers/application_controller.rb:8
  [1m[35m (0.2ms)[0m  [1m[35mBEGIN[0m
  ↳ app/controllers/tasks_controller.rb:26
  [1m[35m (0.2ms)[0m  [1m[31mROLLBACK[0m
  ↳ app/controllers/tasks_controller.rb:26
  Rendering tasks/new.html.slim within layouts/application
  Rendered tasks/_form.html.slim (5.6ms)
  Rendered tasks/new.html.slim within layouts/application (9.5ms)
Completed 200 OK in 42ms (Views: 35.3ms | ActiveRecord: 1.0ms)


Started POST "/tasks" for ::1 at 2020-01-13 14:41:24 +0900
Processing by TasksController#create as HTML
  Parameters: {"utf8"=>"✓", "authenticity_token"=>"xWM+v2rxfQf3EHA7dWdvrY/Qdum8WJiONwXr2uPrHq1AafdlZWx0QrkK2dA8MPNAtyh5HaVq0F2N42inG+AXYQ==", "task"=>{"name"=>"", "description"=>"12334"}, "commit"=>"登録する"}
  [1m[36mUser Load (0.5ms)[0m  [1m[34mSELECT  "users".* FROM "users" WHERE "users"."id" = $1 LIMIT $2[0m  [["id", 3], ["LIMIT", 1]]
  ↳ app/controllers/application_controller.rb:8
  [1m[35m (0.3ms)[0m  [1m[35mBEGIN[0m
  ↳ app/controllers/tasks_controller.rb:26
  [1m[36mTask Create (0.6ms)[0m  [1m[32mINSERT INTO "tasks" ("name", "description", "created_at", "updated_at", "user_id") VALUES ($1, $2, $3, $4, $5) RETURNING "id"[0m  [["name", "名前なし"], ["description", "12334"], ["created_at", "2020-01-13 05:41:24.802455"], ["updated_at", "2020-01-13 05:41:24.802455"], ["user_id", 3]]
  ↳ app/controllers/tasks_controller.rb:26
  [1m[35m (0.4ms)[0m  [1m[35mCOMMIT[0m
  ↳ app/controllers/tasks_controller.rb:26
Redirected to http://localhost:3000/tasks/41
Completed 302 Found in 9ms (ActiveRecord: 1.8ms)


Started GET "/tasks/41" for ::1 at 2020-01-13 14:41:24 +0900
Processing by TasksController#show as HTML
  Parameters: {"id"=>"41"}
  [1m[36mUser Load (0.2ms)[0m  [1m[34mSELECT  "users".* FROM "users" WHERE "users"."id" = $1 LIMIT $2[0m  [["id", 3], ["LIMIT", 1]]
  ↳ app/controllers/application_controller.rb:8
  [1m[36mTask Load (0.2ms)[0m  [1m[34mSELECT  "tasks".* FROM "tasks" WHERE "tasks"."user_id" = $1 AND "tasks"."id" = $2 LIMIT $3[0m  [["user_id", 3], ["id", 41], ["LIMIT", 1]]
  ↳ app/controllers/tasks_controller.rb:45
  Rendering tasks/show.html.slim within layouts/application
  Rendered tasks/show.html.slim within layouts/application (7.2ms)
Completed 200 OK in 41ms (Views: 36.5ms | ActiveRecord: 0.5ms)


Started DELETE "/tasks/41" for ::1 at 2020-01-13 14:41:29 +0900
Processing by TasksController#destroy as HTML
  Parameters: {"authenticity_token"=>"pCrZzX/TE6JjsIrS65dmldGvLzcdpLTEqE5Dg/s6hDghIBAXcE4a5y2qIzmiwPp46VcgwwSW/BcSqMD+AzGN9A==", "id"=>"41"}
  [1m[36mUser Load (0.3ms)[0m  [1m[34mSELECT  "users".* FROM "users" WHERE "users"."id" = $1 LIMIT $2[0m  [["id", 3], ["LIMIT", 1]]
  ↳ app/controllers/application_controller.rb:8
  [1m[36mTask Load (0.5ms)[0m  [1m[34mSELECT  "tasks".* FROM "tasks" WHERE "tasks"."user_id" = $1 AND "tasks"."id" = $2 LIMIT $3[0m  [["user_id", 3], ["id", 41], ["LIMIT", 1]]
  ↳ app/controllers/tasks_controller.rb:45
  [1m[35m (0.1ms)[0m  [1m[35mBEGIN[0m
  ↳ app/controllers/tasks_controller.rb:34
  [1m[36mTask Destroy (0.5ms)[0m  [1m[31mDELETE FROM "tasks" WHERE "tasks"."id" = $1[0m  [["id", 41]]
  ↳ app/controllers/tasks_controller.rb:34
  [1m[35m (0.6ms)[0m  [1m[35mCOMMIT[0m
  ↳ app/controllers/tasks_controller.rb:34
Redirected to http://localhost:3000/tasks
Completed 302 Found in 8ms (ActiveRecord: 2.0ms)


Started GET "/tasks" for ::1 at 2020-01-13 14:41:29 +0900
Processing by TasksController#index as HTML
  [1m[36mUser Load (0.1ms)[0m  [1m[34mSELECT  "users".* FROM "users" WHERE "users"."id" = $1 LIMIT $2[0m  [["id", 3], ["LIMIT", 1]]
  ↳ app/controllers/application_controller.rb:8
  Rendering tasks/index.html.slim within layouts/application
  [1m[36mTask Load (0.3ms)[0m  [1m[34mSELECT "tasks".* FROM "tasks" WHERE "tasks"."user_id" = $1 ORDER BY "tasks"."created_at" DESC[0m  [["user_id", 3]]
  ↳ app/views/tasks/index.html.slim:13
  Rendered tasks/index.html.slim within layouts/application (5.8ms)
Completed 200 OK in 34ms (Views: 31.0ms | ActiveRecord: 0.4ms)


Started GET "/login" for ::1 at 2020-01-13 14:48:46 +0900
  [1m[35m (0.4ms)[0m  [1m[34mSELECT "schema_migrations"."version" FROM "schema_migrations" ORDER BY "schema_migrations"."version" ASC[0m
  ↳ /Users/matsuoyuutaira/.rbenv/versions/2.5.1/lib/ruby/gems/2.5.0/gems/activerecord-5.2.3/lib/active_record/log_subscriber.rb:98
Processing by SessionsController#new as HTML
  Rendering sessions/new.html.slim within layouts/application
  Rendered sessions/new.html.slim within layouts/application (12.2ms)
  [1m[36mUser Load (0.5ms)[0m  [1m[34mSELECT  "users".* FROM "users" WHERE "users"."id" = $1 LIMIT $2[0m  [["id", 3], ["LIMIT", 1]]
  ↳ app/controllers/application_controller.rb:8
Completed 200 OK in 329ms (Views: 315.5ms | ActiveRecord: 5.2ms)


Started POST "/login" for ::1 at 2020-01-13 14:48:55 +0900
Processing by SessionsController#create as HTML
  Parameters: {"utf8"=>"✓", "authenticity_token"=>"FjxWdGhNPq5+7O5cpKQt8+TrP/luKVEU7RQOlNygiL6TNp+uZ9A36zD2R7ft87Ee3BMwDXcbGcdX8o3pJKuBcg==", "session"=>{"email"=>"admin@example.com", "password"=>"[FILTERED]"}, "commit"=>"ログインする"}
  [1m[36mUser Load (0.3ms)[0m  [1m[34mSELECT  "users".* FROM "users" WHERE "users"."email" = $1 LIMIT $2[0m  [["email", "admin@example.com"], ["LIMIT", 1]]
  ↳ app/controllers/sessions_controller.rb:8
Redirected to http://localhost:3000/
Completed 302 Found in 211ms (ActiveRecord: 0.3ms)


Started GET "/" for ::1 at 2020-01-13 14:48:55 +0900
Processing by TasksController#index as HTML
  [1m[36mUser Load (0.3ms)[0m  [1m[34mSELECT  "users".* FROM "users" WHERE "users"."id" = $1 LIMIT $2[0m  [["id", 3], ["LIMIT", 1]]
  ↳ app/controllers/application_controller.rb:8
Completed 500 Internal Server Error in 8ms (ActiveRecord: 0.3ms)


  
SyntaxError (/Users/matsuoyuutaira/taskleaf/app/models/task.rb:2: syntax error, unexpected '='
    =begin
    ^
/Users/matsuoyuutaira/taskleaf/app/models/task.rb:5: syntax error, unexpected '=', expecting keyword_end
    =end
    ^
/Users/matsuoyuutaira/taskleaf/app/models/task.rb:24: syntax error, unexpected end-of-input, expecting keyword_end):
  
app/models/task.rb:2: syntax error, unexpected '='
app/models/task.rb:5: syntax error, unexpected '=', expecting keyword_end
app/models/task.rb:24: syntax error, unexpected end-of-input, expecting keyword_end
app/controllers/tasks_controller.rb:5:in `index'
Started GET "/login" for ::1 at 2020-01-13 14:55:04 +0900
  [1m[35m (1.1ms)[0m  [1m[34mSELECT "schema_migrations"."version" FROM "schema_migrations" ORDER BY "schema_migrations"."version" ASC[0m
  ↳ /Users/matsuoyuutaira/.rbenv/versions/2.5.1/lib/ruby/gems/2.5.0/gems/activerecord-5.2.3/lib/active_record/log_subscriber.rb:98
Processing by SessionsController#new as HTML
  Rendering sessions/new.html.slim within layouts/application
  Rendered sessions/new.html.slim within layouts/application (15.4ms)
  [1m[36mUser Load (0.5ms)[0m  [1m[34mSELECT  "users".* FROM "users" WHERE "users"."id" = $1 LIMIT $2[0m  [["id", 3], ["LIMIT", 1]]
  ↳ app/controllers/application_controller.rb:8
Completed 200 OK in 365ms (Views: 351.5ms | ActiveRecord: 4.2ms)


Started POST "/login" for ::1 at 2020-01-13 14:55:13 +0900
Processing by SessionsController#create as HTML
  Parameters: {"utf8"=>"✓", "authenticity_token"=>"7Gz37h4oBnTclWXIcj1HgwVfk42FPiZF5xzxhtg0qydpZj40EbUPMZKPzCM7attuPaeceZwMbpZd+nL7ID+i6w==", "session"=>{"email"=>"admin@example.com", "password"=>"[FILTERED]"}, "commit"=>"ログインする"}
  [1m[36mUser Load (0.2ms)[0m  [1m[34mSELECT  "users".* FROM "users" WHERE "users"."email" = $1 LIMIT $2[0m  [["email", "admin@example.com"], ["LIMIT", 1]]
  ↳ app/controllers/sessions_controller.rb:8
Redirected to http://localhost:3000/
Completed 302 Found in 214ms (ActiveRecord: 0.2ms)


Started GET "/" for ::1 at 2020-01-13 14:55:13 +0900
Processing by TasksController#index as HTML
  [1m[36mUser Load (0.3ms)[0m  [1m[34mSELECT  "users".* FROM "users" WHERE "users"."id" = $1 LIMIT $2[0m  [["id", 3], ["LIMIT", 1]]
  ↳ app/controllers/application_controller.rb:8
  Rendering tasks/index.html.slim within layouts/application
  [1m[36mTask Load (0.4ms)[0m  [1m[34mSELECT "tasks".* FROM "tasks" WHERE "tasks"."user_id" = $1 ORDER BY "tasks"."created_at" DESC[0m  [["user_id", 3]]
  ↳ app/views/tasks/index.html.slim:13
  Rendered tasks/index.html.slim within layouts/application (38.1ms)
Completed 200 OK in 83ms (Views: 60.4ms | ActiveRecord: 2.7ms)


Started GET "/tasks/new" for ::1 at 2020-01-13 14:55:15 +0900
Processing by TasksController#new as HTML
  [1m[36mUser Load (0.5ms)[0m  [1m[34mSELECT  "users".* FROM "users" WHERE "users"."id" = $1 LIMIT $2[0m  [["id", 3], ["LIMIT", 1]]
  ↳ app/controllers/application_controller.rb:8
  Rendering tasks/new.html.slim within layouts/application
  Rendered tasks/_form.html.slim (8.3ms)
  Rendered tasks/new.html.slim within layouts/application (13.0ms)
Completed 200 OK in 45ms (Views: 39.9ms | ActiveRecord: 0.5ms)


Started POST "/tasks" for ::1 at 2020-01-13 14:55:18 +0900
Processing by TasksController#create as HTML
  Parameters: {"utf8"=>"✓", "authenticity_token"=>"q3m5hBd3AYyo87AoPDVCj1A1pNUupjv+ozxk/l1svA5uReUc6Eo5j4M4S5ZUf18Pi/V4jwmxSGdNHJNqc+IgGg==", "task"=>{"name"=>"", "description"=>"qwe"}, "commit"=>"登録する"}
  [1m[36mUser Load (0.7ms)[0m  [1m[34mSELECT  "users".* FROM "users" WHERE "users"."id" = $1 LIMIT $2[0m  [["id", 3], ["LIMIT", 1]]
  ↳ app/controllers/application_controller.rb:8
  [1m[35m (0.2ms)[0m  [1m[35mBEGIN[0m
  ↳ app/controllers/tasks_controller.rb:26
  [1m[35m (0.3ms)[0m  [1m[31mROLLBACK[0m
  ↳ app/controllers/tasks_controller.rb:26
  Rendering tasks/new.html.slim within layouts/application
  Rendered tasks/_form.html.slim (5.5ms)
  Rendered tasks/new.html.slim within layouts/application (10.7ms)
Completed 200 OK in 48ms (Views: 41.5ms | ActiveRecord: 1.2ms)


Started GET "/tasks" for ::1 at 2020-01-13 14:55:21 +0900
Processing by TasksController#index as HTML
  [1m[36mUser Load (0.4ms)[0m  [1m[34mSELECT  "users".* FROM "users" WHERE "users"."id" = $1 LIMIT $2[0m  [["id", 3], ["LIMIT", 1]]
  ↳ app/controllers/application_controller.rb:8
  Rendering tasks/index.html.slim within layouts/application
  [1m[36mTask Load (0.3ms)[0m  [1m[34mSELECT "tasks".* FROM "tasks" WHERE "tasks"."user_id" = $1 ORDER BY "tasks"."created_at" DESC[0m  [["user_id", 3]]
  ↳ app/views/tasks/index.html.slim:13
  Rendered tasks/index.html.slim within layouts/application (6.1ms)
Completed 200 OK in 39ms (Views: 34.5ms | ActiveRecord: 0.7ms)


Started GET "/tasks/new" for ::1 at 2020-01-13 14:55:23 +0900
Processing by TasksController#new as HTML
  [1m[36mUser Load (0.5ms)[0m  [1m[34mSELECT  "users".* FROM "users" WHERE "users"."id" = $1 LIMIT $2[0m  [["id", 3], ["LIMIT", 1]]
  ↳ app/controllers/application_controller.rb:8
  Rendering tasks/new.html.slim within layouts/application
  Rendered tasks/_form.html.slim (4.5ms)
  Rendered tasks/new.html.slim within layouts/application (9.7ms)
Completed 200 OK in 43ms (Views: 38.0ms | ActiveRecord: 0.5ms)


Started POST "/tasks" for ::1 at 2020-01-13 14:55:24 +0900
Processing by TasksController#create as HTML
  Parameters: {"utf8"=>"✓", "authenticity_token"=>"lYB4XnlPbkZRLbJRWx2YH7/hJ3e/o5FjqYecl3u1MFdQvCTGhnJWRXrmSe8zV4WfZCH7LZi04vpHp2sDVTusQw==", "task"=>{"name"=>"", "description"=>""}, "commit"=>"登録する"}
  [1m[36mUser Load (0.3ms)[0m  [1m[34mSELECT  "users".* FROM "users" WHERE "users"."id" = $1 LIMIT $2[0m  [["id", 3], ["LIMIT", 1]]
  ↳ app/controllers/application_controller.rb:8
  [1m[35m (0.3ms)[0m  [1m[35mBEGIN[0m
  ↳ app/controllers/tasks_controller.rb:26
  [1m[35m (0.3ms)[0m  [1m[31mROLLBACK[0m
  ↳ app/controllers/tasks_controller.rb:26
  Rendering tasks/new.html.slim within layouts/application
  Rendered tasks/_form.html.slim (4.0ms)
  Rendered tasks/new.html.slim within layouts/application (7.4ms)
Completed 200 OK in 41ms (Views: 34.5ms | ActiveRecord: 0.8ms)


Started GET "/login" for ::1 at 2020-01-13 15:09:23 +0900
  [1m[35m (0.6ms)[0m  [1m[34mSELECT "schema_migrations"."version" FROM "schema_migrations" ORDER BY "schema_migrations"."version" ASC[0m
  ↳ /Users/matsuoyuutaira/.rbenv/versions/2.5.1/lib/ruby/gems/2.5.0/gems/activerecord-5.2.3/lib/active_record/log_subscriber.rb:98
Processing by SessionsController#new as HTML
  Rendering sessions/new.html.slim within layouts/application
  Rendered sessions/new.html.slim within layouts/application (17.1ms)
  [1m[36mUser Load (0.7ms)[0m  [1m[34mSELECT  "users".* FROM "users" WHERE "users"."id" = $1 LIMIT $2[0m  [["id", 3], ["LIMIT", 1]]
  ↳ app/controllers/application_controller.rb:8
Completed 200 OK in 378ms (Views: 361.0ms | ActiveRecord: 6.9ms)


Started POST "/login" for ::1 at 2020-01-13 15:09:35 +0900
Processing by SessionsController#create as HTML
  Parameters: {"utf8"=>"✓", "authenticity_token"=>"O9S2a+cWCoerikiEnGnmUsRgP6Ded9/Cnrn/+fPFsrq+3n+x6IsDwuWQ4W/VPnq//JgwVMdFlxEkX3yEC867dg==", "session"=>{"email"=>"admin@example.com", "password"=>"[FILTERED]"}, "commit"=>"ログインする"}
  [1m[36mUser Load (0.3ms)[0m  [1m[34mSELECT  "users".* FROM "users" WHERE "users"."email" = $1 LIMIT $2[0m  [["email", "admin@example.com"], ["LIMIT", 1]]
  ↳ app/controllers/sessions_controller.rb:8
Redirected to http://localhost:3000/
Completed 302 Found in 212ms (ActiveRecord: 0.3ms)


Started GET "/" for ::1 at 2020-01-13 15:09:35 +0900
Processing by TasksController#index as HTML
  [1m[36mUser Load (0.3ms)[0m  [1m[34mSELECT  "users".* FROM "users" WHERE "users"."id" = $1 LIMIT $2[0m  [["id", 3], ["LIMIT", 1]]
  ↳ app/controllers/application_controller.rb:8
  Rendering tasks/index.html.slim within layouts/application
  [1m[36mTask Load (0.5ms)[0m  [1m[34mSELECT "tasks".* FROM "tasks" WHERE "tasks"."user_id" = $1 ORDER BY "tasks"."created_at" DESC[0m  [["user_id", 3]]
  ↳ app/views/tasks/index.html.slim:13
  Rendered tasks/index.html.slim within layouts/application (47.3ms)
Completed 200 OK in 94ms (Views: 71.4ms | ActiveRecord: 2.8ms)


Started GET "/" for ::1 at 2020-01-20 20:51:31 +0900
  [1m[35m (1.8ms)[0m  [1m[34mSELECT "schema_migrations"."version" FROM "schema_migrations" ORDER BY "schema_migrations"."version" ASC[0m
  ↳ /Users/matsuoyuutaira/.rbenv/versions/2.5.1/lib/ruby/gems/2.5.0/gems/activerecord-5.2.3/lib/active_record/log_subscriber.rb:98
Processing by TasksController#index as HTML
  [1m[36mUser Load (62.6ms)[0m  [1m[34mSELECT  "users".* FROM "users" WHERE "users"."id" = $1 LIMIT $2[0m  [["id", 3], ["LIMIT", 1]]
  ↳ app/controllers/application_controller.rb:8
  Rendering tasks/index.html.slim within layouts/application
  [1m[36mTask Load (5.6ms)[0m  [1m[34mSELECT "tasks".* FROM "tasks" WHERE "tasks"."user_id" = $1 ORDER BY "tasks"."created_at" DESC[0m  [["user_id", 3]]
  ↳ app/views/tasks/index.html.slim:13
  Rendered tasks/index.html.slim within layouts/application (51.5ms)
Completed 200 OK in 553ms (Views: 392.7ms | ActiveRecord: 126.9ms)


Started DELETE "/logout" for ::1 at 2020-01-20 20:51:43 +0900
Processing by SessionsController#destroy as HTML
  Parameters: {"authenticity_token"=>"QzoSJ0srVnwym4OPzIZ+tafwBjim64G0dQ3eQ0jE+RvGMNv9RLZfOXyBKmSF0eJYnwgJzL/ZyWfP610+sM/w1w=="}
Redirected to http://localhost:3000/
Completed 302 Found in 1ms (ActiveRecord: 0.0ms)


Started GET "/" for ::1 at 2020-01-20 20:51:43 +0900
Processing by TasksController#index as HTML
Redirected to http://localhost:3000/login
Filter chain halted as :login_required rendered or redirected
Completed 302 Found in 1ms (ActiveRecord: 0.0ms)


Started GET "/login" for ::1 at 2020-01-20 20:51:43 +0900
Processing by SessionsController#new as HTML
  Rendering sessions/new.html.slim within layouts/application
  Rendered sessions/new.html.slim within layouts/application (23.6ms)
Completed 200 OK in 51ms (Views: 48.8ms | ActiveRecord: 0.0ms)


Started GET "/login" for ::1 at 2020-03-08 20:46:35 +0900
  [1m[35m (2.8ms)[0m  [1m[34mSELECT "schema_migrations"."version" FROM "schema_migrations" ORDER BY "schema_migrations"."version" ASC[0m
  ↳ /Users/matsuoyuutaira/.rbenv/versions/2.5.1/lib/ruby/gems/2.5.0/gems/activerecord-5.2.3/lib/active_record/log_subscriber.rb:98
Processing by SessionsController#new as HTML
  Rendering sessions/new.html.slim within layouts/application
  Rendered sessions/new.html.slim within layouts/application (19.3ms)
Completed 200 OK in 371ms (Views: 351.7ms | ActiveRecord: 0.0ms)


Started POST "/login" for ::1 at 2020-03-08 20:47:03 +0900
Processing by SessionsController#create as HTML
  Parameters: {"utf8"=>"✓", "authenticity_token"=>"GcJ1UOurOaXagjj9YELMGhd868GiyfIlvUkj3q4fIRxdMYyMTR/2nheveBMX4DRcqfNVeV2Omtao1XSaFuX3Lw==", "session"=>{"email"=>"user@example.com", "password"=>"[FILTERED]"}, "commit"=>"ログインする"}
  [1m[36mUser Load (2.1ms)[0m  [1m[34mSELECT  "users".* FROM "users" WHERE "users"."email" = $1 LIMIT $2[0m  [["email", "user@example.com"], ["LIMIT", 1]]
  ↳ app/controllers/sessions_controller.rb:8
  Rendering sessions/new.html.slim within layouts/application
  Rendered sessions/new.html.slim within layouts/application (3.2ms)
Completed 200 OK in 55ms (Views: 33.6ms | ActiveRecord: 6.0ms)


Started POST "/login" for ::1 at 2020-03-08 20:47:11 +0900
Processing by SessionsController#create as HTML
  Parameters: {"utf8"=>"✓", "authenticity_token"=>"tvgTe6cj2YwNc2Mmj2sh+Qfk1wcfH4DHOEv3SDJadCTyC+qnAZcWt8BeI8j4ydm/uWtpv+BY6DQt16AMiqCiFw==", "session"=>{"email"=>"admin@example.com", "password"=>"[FILTERED]"}, "commit"=>"ログインする"}
  [1m[36mUser Load (0.5ms)[0m  [1m[34mSELECT  "users".* FROM "users" WHERE "users"."email" = $1 LIMIT $2[0m  [["email", "admin@example.com"], ["LIMIT", 1]]
  ↳ app/controllers/sessions_controller.rb:8
Redirected to http://localhost:3000/
Completed 302 Found in 234ms (ActiveRecord: 9.0ms)


Started GET "/" for ::1 at 2020-03-08 20:47:12 +0900
Processing by TasksController#index as HTML
  [1m[36mUser Load (1.8ms)[0m  [1m[34mSELECT  "users".* FROM "users" WHERE "users"."id" = $1 LIMIT $2[0m  [["id", 3], ["LIMIT", 1]]
  ↳ app/controllers/application_controller.rb:8
  Rendering tasks/index.html.slim within layouts/application
  [1m[36mTask Load (5.5ms)[0m  [1m[34mSELECT "tasks".* FROM "tasks" WHERE "tasks"."user_id" = $1 ORDER BY "tasks"."created_at" DESC[0m  [["user_id", 3]]
  ↳ app/views/tasks/index.html.slim:13
  Rendered tasks/index.html.slim within layouts/application (411.7ms)
Completed 200 OK in 454ms (Views: 428.2ms | ActiveRecord: 9.4ms)


